proguard-project.txt
# To enable ProGuard in your project, edit project.properties
# to define the proguard.config property as described in that file.
#
# Add project specific ProGuard rules here.
# By default, the flags in this file are appended to flags specified
# in ${sdk.dir}/tools/proguard/proguard-android.txt
# You can edit the include path and order by changing the ProGuard
# include property in project.properties.
#
# For more details, see
#   http://developer.android.com/guide/developing/tools/proguard.html

# Add any project specific keep options here:

# If your project uses WebView with JS, uncomment the following
# and specify the fully qualified class name to the JavaScript interface
# class:
-keepclassmembers class fqcn.of.javascript.interface.for.webview {
  public *;
}
-dontwarn net.youmi.android.**
-keep class net.youmi.android.** {
    *;
}

-dontwarn cn.dm.android.**
-keep class cn.dm.android.** {
    *;
}
-dontwarn com.dlnetwork.**
-keep class **.R$* { *;  
}

-keep class com.tencent.mm.sdk.openapi.WXMediaMessage {*; }
-keep class com.tencent.mm.sdk.openapi.** implements com.tencent.mm.sdk.openapi.WXMediaMessage$IMediaObject {*; }

-dontwarn com.winad.**
-keep public class com.winad.android.offers.** {*;}

-dontwarn com.baidu.**
-keep public class com.baidu.location.** {*;}

-dontwarn net.miidiwall.**
-keep public class net.miidiwall.SDK.** {
*;}

-dontwarn org.adver.score.**
-keep class org.adver.score.**{*;}

-ignorewarnings
-keep class com.myapp.jfq.** { *; }

#”—√À∑÷œÌ

-dontshrink
-dontoptimize
-dontwarn com.google.android.maps.**
-dontwarn android.webkit.WebView
-dontwarn com.umeng.**
-dontwarn com.tencent.weibo.sdk.**
-dontwarn com.facebook.**

-libraryjars libs/SocialSDK_QQZone_2.jar

-keep enum com.facebook.**
-keepattributes Exceptions,InnerClasses,Signature
-keepattributes *Annotation*
-keepattributes SourceFile,LineNumberTable

-keep public interface com.facebook.**
-keep public interface com.tencent.**
-keep public interface com.umeng.socialize.**
-keep public interface com.umeng.socialize.sensor.**
-keep public interface com.umeng.scrshot.**

-keep public class com.umeng.socialize.* {*;}
-keep public class javax.**
-keep public class android.webkit.**

-keep class com.facebook.**
-keep class com.umeng.scrshot.**
-keep public class com.tencent.** {*;}
-keep class com.umeng.socialize.sensor.**

-keep class com.tencent.mm.sdk.modelmsg.WXMediaMessage {*;}

-keep class com.tencent.mm.sdk.modelmsg.** implements com.tencent.mm.sdk.modelmsg.WXMediaMessage$IMediaObject {*;}

-keep class im.yixin.sdk.api.YXMessage {*;}
-keep class im.yixin.sdk.api.** implements im.yixin.sdk.api.YXMessage$YXMessageData{*;}

-keep class com.baidu.**{*;}
-keep class vi.com.gdi.bgl.android.**{*;}

-keep public class com.hzkjkf.wanzhuan.R$*{
    public static final int *;
}
-keep class com.bb.dd.* { *;  
}
-keep,allowshrinking class org.android.agoo.service.* {
    public <fields>;
    public <methods>;
}

-keep,allowshrinking class com.umeng.message.* {
    public <fields>;
    public <methods>;
}

-keep public class com.hzkjkf.wanzhuan.R$*{
   public static final int *;
}