proguard/seeds.txt
net.youmi.android.a.h.y
net.youmi.android.a.i.a
net.youmi.android.a.i.a: android.location.Location a
net.youmi.android.a.i.a: net.youmi.android.a.i.a b
net.youmi.android.a.i.a: android.content.Context c
net.youmi.android.a.i.a: a(android.content.Context)
net.youmi.android.a.i.a: net.youmi.android.a.i.a a(android.content.Context)
net.youmi.android.a.i.a: void b(android.content.Context)
net.youmi.android.a.i.a: void a(android.location.Location)
net.youmi.android.a.i.a: android.location.Location a()
net.youmi.android.a.j.a
net.youmi.android.a.j.a: net.youmi.android.c.m.a a
net.youmi.android.a.j.a: android.view.animation.Animation b
net.youmi.android.a.j.a: a(android.content.Context,android.view.View,int,android.view.animation.Animation)
net.youmi.android.a.j.a: net.youmi.android.a.j.a a(android.content.Context,android.view.View,int)
net.youmi.android.a.j.a: void a()
net.youmi.android.a.k.a
net.youmi.android.a.k.a: android.webkit.WebView a
net.youmi.android.a.k.a: java.lang.String b
net.youmi.android.a.k.a: a(android.webkit.WebView,java.lang.String)
net.youmi.android.a.k.a: void run()
net.youmi.android.a.k.a.a
net.youmi.android.a.k.a.a: net.youmi.android.a.k.a.i a
net.youmi.android.a.k.a.a: android.content.Context b
net.youmi.android.a.k.a.a: android.widget.RelativeLayout d
net.youmi.android.a.k.a.a: android.widget.RelativeLayout e
net.youmi.android.a.k.a.a: net.youmi.android.a.h.e c
net.youmi.android.a.k.a.a: net.youmi.android.a.h.p f
net.youmi.android.a.k.a.a: int g
net.youmi.android.a.k.a.a: int h
net.youmi.android.a.k.a.a: a(android.content.Context,net.youmi.android.a.h.p,net.youmi.android.a.h.e,int)
net.youmi.android.a.k.a.a: void a(android.content.Context,net.youmi.android.a.h.p,net.youmi.android.a.h.e,boolean)
net.youmi.android.a.k.a.a: void a(int)
net.youmi.android.a.k.a.a: void a(int,int,int,int)
net.youmi.android.a.k.a.a: void onBackPressed()
net.youmi.android.a.k.a.a: boolean js_SDK_Handler_RunOnUIThread(java.lang.Runnable)
net.youmi.android.a.k.a.a: net.youmi.android.a.h.f js_SDK_Handler_ClearCurrentBrowserHistory()
net.youmi.android.a.k.a.a: void setWebTitle(java.lang.String)
net.youmi.android.a.k.a.a: boolean proxyCloseCurrentWindow()
net.youmi.android.a.k.a.a: boolean proxyLoadUrl(java.lang.String)
net.youmi.android.a.k.a.a: boolean proxyPostUrl(java.lang.String,byte[])
net.youmi.android.a.k.a.a: boolean proxyClearWebViewHistory()
net.youmi.android.a.k.a.a: void a()
net.youmi.android.a.k.a.b
net.youmi.android.a.k.a.b: int a
net.youmi.android.a.k.a.b: java.lang.String b
net.youmi.android.a.k.a.b: java.lang.String c
net.youmi.android.a.k.a.b: net.youmi.android.a.k.a.h d
net.youmi.android.a.k.a.b: net.youmi.android.a.k.a.f e
net.youmi.android.a.k.a.b: net.youmi.android.a.h.e f
net.youmi.android.a.k.a.b: net.youmi.android.a.h.b g
net.youmi.android.a.k.a.b: b()
net.youmi.android.a.k.a.b: net.youmi.android.a.h.e a()
net.youmi.android.a.k.a.b: void a(net.youmi.android.a.h.e)
net.youmi.android.a.k.a.b: net.youmi.android.a.h.b b()
net.youmi.android.a.k.a.b: void a(net.youmi.android.a.h.b)
net.youmi.android.a.k.a.b: int c()
net.youmi.android.a.k.a.b: void a(int)
net.youmi.android.a.k.a.b: java.lang.String d()
net.youmi.android.a.k.a.b: void a(java.lang.String)
net.youmi.android.a.k.a.b: java.lang.String e()
net.youmi.android.a.k.a.b: void b(java.lang.String)
net.youmi.android.a.k.a.b: net.youmi.android.a.k.a.f f()
net.youmi.android.a.k.a.b: void a(net.youmi.android.a.k.a.f)
net.youmi.android.a.k.a.b: void a(net.youmi.android.a.k.a.h)
net.youmi.android.a.k.a.b: net.youmi.android.a.k.a.h g()
net.youmi.android.a.k.a.b: android.app.Activity h()