proguard/mapping.txt
com.umeng.socialize.utils.ListenerUtils$1 -> com.umeng.socialize.utils.d:
    32:32:void onStart() -> a
    36:36:void onComplete(com.umeng.socialize.bean.SHARE_MEDIA,int,com.umeng.socialize.bean.SocializeEntity) -> a
com.umeng.socialize.utils.ListenerUtils$2 -> com.umeng.socialize.utils.e:
    52:52:void onStart(com.umeng.socialize.bean.SHARE_MEDIA) -> b
    56:56:void onError(com.umeng.socialize.exception.SocializeException,com.umeng.socialize.bean.SHARE_MEDIA) -> a
    60:60:void onComplete(android.os.Bundle,com.umeng.socialize.bean.SHARE_MEDIA) -> a
    64:64:void onCancel(com.umeng.socialize.bean.SHARE_MEDIA) -> a
com.umeng.socialize.utils.ListenerUtils$3 -> com.umeng.socialize.utils.f:
    80:80:void onStart() -> b
    84:84:void onComplete(int,java.util.Map) -> a
com.umeng.socialize.utils.LoadingDialog -> com.umeng.socialize.utils.g:
    android.app.ProgressDialog mProgressDialog -> a
    android.content.Context mContext -> b
    26:45:android.app.ProgressDialog createProgressDialog(android.content.Context,com.umeng.socialize.bean.SHARE_MEDIA,java.lang.String,boolean) -> a
com.umeng.socialize.utils.Log -> com.umeng.socialize.utils.h:
    boolean LOG -> a
    boolean ENCRYPT_LOG -> b
    16:19:void i(java.lang.String,java.lang.String) -> a
    22:25:void i(java.lang.String,java.lang.String,java.lang.Exception) -> a
    28:29:void e(java.lang.String,java.lang.String) -> b
    32:37:void e(java.lang.String,java.lang.String,java.lang.Exception) -> b
    40:43:void d(java.lang.String,java.lang.String) -> c
    46:49:void d(java.lang.String,java.lang.String,java.lang.Exception) -> c
    52:55:void v(java.lang.String,java.lang.String) -> d
    58:61:void v(java.lang.String,java.lang.String,java.lang.Exception) -> d
    64:65:void w(java.lang.String,java.lang.String) -> e
    68:75:void w(java.lang.String,java.lang.String,java.lang.Exception) -> e
com.umeng.socialize.utils.LoginInfoHelp -> com.umeng.socialize.utils.i:
    java.lang.String SOCIALIZE_IDENTITY_INFO_KEY -> a
    java.lang.String SOCIALIZE_IDENTITY_UNSHOW -> b
    28:37:void saveLoginInfo(android.content.Context,java.lang.String) -> a
    44:49:void rmLoginInfo(android.content.Context) -> a
    58:62:com.umeng.socialize.bean.SHARE_MEDIA getLoginInfo(android.content.Context) -> b
    72:79:void setGuest(android.content.Context,boolean) -> a
    87:91:boolean isPlatformLogin(android.content.Context) -> c
    95:101:boolean isCustomLogin(android.content.Context) -> d
    111:117:boolean isGuestLogin(android.content.Context) -> e
    127:130:boolean isLogin(android.content.Context) -> f