proguard/usage.txt
com.tencent.mm.sdk.plugin.MMPluginProviderConstants$PluginIntent
com.tencent.mm.sdk.plugin.MMPluginProviderConstants$Resolver
com.tencent.mm.sdk.plugin.MMPluginProviderConstants$SharedPref
com.tencent.mm.sdk.plugin.MMPluginUtil
com.tencent.mm.sdk.plugin.Profile
com.tencent.mm.sdk.plugin.package-info
com.tencent.mm.sdk.storage.ContentProviderDB
com.tencent.mm.sdk.storage.CursorFieldHelper
com.tencent.mm.sdk.storage.CursorFieldHelper$1
com.tencent.mm.sdk.storage.CursorFieldHelper$10
com.tencent.mm.sdk.storage.CursorFieldHelper$11
com.tencent.mm.sdk.storage.CursorFieldHelper$12
com.tencent.mm.sdk.storage.CursorFieldHelper$13
com.tencent.mm.sdk.storage.CursorFieldHelper$14
com.tencent.mm.sdk.storage.CursorFieldHelper$15
com.tencent.mm.sdk.storage.CursorFieldHelper$16
com.tencent.mm.sdk.storage.CursorFieldHelper$17
com.tencent.mm.sdk.storage.CursorFieldHelper$18
com.tencent.mm.sdk.storage.CursorFieldHelper$19
com.tencent.mm.sdk.storage.CursorFieldHelper$2
com.tencent.mm.sdk.storage.CursorFieldHelper$20
com.tencent.mm.sdk.storage.CursorFieldHelper$21
com.tencent.mm.sdk.storage.CursorFieldHelper$22
com.tencent.mm.sdk.storage.CursorFieldHelper$23
com.tencent.mm.sdk.storage.CursorFieldHelper$24
com.tencent.mm.sdk.storage.CursorFieldHelper$25
com.tencent.mm.sdk.storage.CursorFieldHelper$26
com.tencent.mm.sdk.storage.CursorFieldHelper$27
com.tencent.mm.sdk.storage.CursorFieldHelper$28
com.tencent.mm.sdk.storage.CursorFieldHelper$3
com.tencent.mm.sdk.storage.CursorFieldHelper$4
com.tencent.mm.sdk.storage.CursorFieldHelper$5
com.tencent.mm.sdk.storage.CursorFieldHelper$6
com.tencent.mm.sdk.storage.CursorFieldHelper$7
com.tencent.mm.sdk.storage.CursorFieldHelper$8
com.tencent.mm.sdk.storage.CursorFieldHelper$9
com.tencent.mm.sdk.storage.CursorFieldHelper$IGetMethod
com.tencent.mm.sdk.storage.CursorFieldHelper$ISetMethod
com.tencent.mm.sdk.storage.IAutoDBItem
com.tencent.mm.sdk.storage.IAutoDBItem$MAutoDBInfo
com.tencent.mm.sdk.storage.ISQLiteDatabase
com.tencent.mm.sdk.storage.MAutoDBFieldAnnotation
com.tencent.mm.sdk.storage.MAutoDBItem
com.tencent.mm.sdk.storage.MAutoStorage
com.tencent.mm.sdk.storage.MDBItem
com.tencent.mm.sdk.storage.MStorage
com.tencent.mm.sdk.storage.MStorage$1
com.tencent.mm.sdk.storage.MStorage$2
com.tencent.mm.sdk.storage.MStorage$IOnStorageChange
com.tencent.mm.sdk.storage.MStorage$IOnStorageLoaded
com.tencent.mm.sdk.storage.MStorageEvent
com.tencent.mm.sdk.storage.MStorageEvent$1
com.tencent.mm.sdk.storage.package-info
com.tencent.open.PKDialog
com.tencent.open.PKDialog$1
com.tencent.open.PKDialog$FbWebViewClient
com.tencent.open.PKDialog$JsListener
com.tencent.open.PKDialog$OnTimeListener
com.tencent.open.PKDialog$THandler
com.tencent.open.SocialApi
com.tencent.open.SocialApiIml
com.tencent.open.SocialApiIml$1
com.tencent.open.SocialApiIml$a
com.tencent.open.SocialApiIml$b
com.tencent.open.SocialApiIml$c
com.tencent.open.SocialConstants
com.tencent.open.TDialog
com.tencent.open.TDialog$1
com.tencent.open.TDialog$FbWebViewClient
com.tencent.open.TDialog$JsListener
com.tencent.open.TDialog$OnTimeListener
com.tencent.open.TDialog$THandler
com.tencent.open.TaskGuide
com.tencent.open.TaskGuide$1
com.tencent.open.TaskGuide$2
com.tencent.open.TaskGuide$3
com.tencent.open.TaskGuide$4
com.tencent.open.TaskGuide$a
com.tencent.open.TaskGuide$b
com.tencent.open.TaskGuide$c
com.tencent.open.TaskGuide$d
com.tencent.open.TaskGuide$d$1
com.tencent.open.TaskGuide$e
com.tencent.open.TaskGuide$f
com.tencent.open.TaskGuide$g
com.tencent.open.TaskGuide$h
com.tencent.open.TaskGuide$i
com.tencent.open.TaskGuide$j
com.tencent.open.TaskGuide$j$1
com.tencent.open.TaskGuide$k
com.tencent.open.a
com.tencent.open.a$a
com.tencent.open.a$b
com.tencent.open.b
com.tencent.open.b$1
com.tencent.open.b.a
com.tencent.open.b.a$a
com.tencent.open.c
com.tencent.open.c$a
com.tencent.qzone.Albums
com.tencent.qzone.Albums$AlbumSecurity